15-Jul-2026 09:01:02.902 INFO [main] org.apache.catalina.startup.VersionLoggerListener.log Server version name:   Apache Tomcat/10.1.18
15-Jul-2026 09:01:02.907 INFO [main] org.apache.catalina.startup.VersionLoggerListener.log Server built:          Jan 5 2024 14:39:40 UTC
15-Jul-2026 09:01:02.913 INFO [main] org.apache.catalina.startup.VersionLoggerListener.log Server version number: 10.1.18.0
15-Jul-2026 09:01:02.913 INFO [main] org.apache.catalina.startup.VersionLoggerListener.log OS Name:               Linux
15-Jul-2026 09:01:02.913 INFO [main] org.apache.catalina.startup.VersionLoggerListener.log OS Version:            6.8.0-1052-azure
15-Jul-2026 09:01:02.914 INFO [main] org.apache.catalina.startup.VersionLoggerListener.log Architecture:          amd64
15-Jul-2026 09:01:02.914 INFO [main] org.apache.catalina.startup.VersionLoggerListener.log Java Home:             /usr/local/sdkman/candidates/java/25.0.2-ms
15-Jul-2026 09:01:02.916 INFO [main] org.apache.catalina.startup.VersionLoggerListener.log JVM Version:           25.0.2+10-LTS
15-Jul-2026 09:01:02.916 INFO [main] org.apache.catalina.startup.VersionLoggerListener.log JVM Vendor:            Microsoft
15-Jul-2026 09:01:02.916 INFO [main] org.apache.catalina.startup.VersionLoggerListener.log CATALINA_BASE:         /workspaces/java-web-development-lab/apache-tomcat-10.1.18
15-Jul-2026 09:01:02.917 INFO [main] org.apache.catalina.startup.VersionLoggerListener.log CATALINA_HOME:         /workspaces/java-web-development-lab/apache-tomcat-10.1.18
15-Jul-2026 09:01:03.165 INFO [main] org.apache.catalina.startup.VersionLoggerListener.log Command line argument: -Djava.util.logging.config.file=/workspaces/java-web-development-lab/apache-tomcat-10.1.18/conf/logging.properties
15-Jul-2026 09:01:03.166 INFO [main] org.apache.catalina.startup.VersionLoggerListener.log Command line argument: -Djava.util.logging.manager=org.apache.juli.ClassLoaderLogManager
15-Jul-2026 09:01:03.166 INFO [main] org.apache.catalina.startup.VersionLoggerListener.log Command line argument: -Djdk.tls.ephemeralDHKeySize=2048
15-Jul-2026 09:01:03.166 INFO [main] org.apache.catalina.startup.VersionLoggerListener.log Command line argument: -Djava.protocol.handler.pkgs=org.apache.catalina.webresources
15-Jul-2026 09:01:03.167 INFO [main] org.apache.catalina.startup.VersionLoggerListener.log Command line argument: -Dorg.apache.catalina.security.SecurityListener.UMASK=0027
15-Jul-2026 09:01:03.167 INFO [main] org.apache.catalina.startup.VersionLoggerListener.log Command line argument: --add-opens=java.base/java.lang=ALL-UNNAMED
15-Jul-2026 09:01:03.167 INFO [main] org.apache.catalina.startup.VersionLoggerListener.log Command line argument: --add-opens=java.base/java.io=ALL-UNNAMED
15-Jul-2026 09:01:03.167 INFO [main] org.apache.catalina.startup.VersionLoggerListener.log Command line argument: --add-opens=java.base/java.util=ALL-UNNAMED
15-Jul-2026 09:01:03.169 INFO [main] org.apache.catalina.startup.VersionLoggerListener.log Command line argument: --add-opens=java.base/java.util.concurrent=ALL-UNNAMED
15-Jul-2026 09:01:03.169 INFO [main] org.apache.catalina.startup.VersionLoggerListener.log Command line argument: --add-opens=java.rmi/sun.rmi.transport=ALL-UNNAMED
15-Jul-2026 09:01:03.169 INFO [main] org.apache.catalina.startup.VersionLoggerListener.log Command line argument: -Dcatalina.base=/workspaces/java-web-development-lab/apache-tomcat-10.1.18
15-Jul-2026 09:01:03.169 INFO [main] org.apache.catalina.startup.VersionLoggerListener.log Command line argument: -Dcatalina.home=/workspaces/java-web-development-lab/apache-tomcat-10.1.18
15-Jul-2026 09:01:03.169 INFO [main] org.apache.catalina.startup.VersionLoggerListener.log Command line argument: -Djava.io.tmpdir=/workspaces/java-web-development-lab/apache-tomcat-10.1.18/temp
15-Jul-2026 09:01:03.189 INFO [main] org.apache.catalina.core.AprLifecycleListener.lifecycleEvent The Apache Tomcat Native library which allows using OpenSSL was not found on the java.library.path: [/usr/java/packages/lib:/usr/lib64:/lib64:/lib:/usr/lib]
15-Jul-2026 09:01:03.866 INFO [main] org.apache.coyote.AbstractProtocol.init Initializing ProtocolHandler ["http-nio-8080"]
15-Jul-2026 09:01:03.894 INFO [main] org.apache.catalina.startup.Catalina.load Server initialization in [1431] milliseconds
15-Jul-2026 09:01:03.968 INFO [main] org.apache.catalina.core.StandardService.startInternal Starting service [Catalina]
15-Jul-2026 09:01:03.970 INFO [main] org.apache.catalina.core.StandardEngine.startInternal Starting Servlet engine: [Apache Tomcat/10.1.18]
15-Jul-2026 09:01:03.983 INFO [main] org.apache.catalina.startup.HostConfig.deployDirectory Deploying web application directory [/workspaces/java-web-development-lab/apache-tomcat-10.1.18/webapps/ROOT]
15-Jul-2026 09:01:05.124 INFO [main] org.apache.catalina.startup.HostConfig.deployDirectory Deployment of web application directory [/workspaces/java-web-development-lab/apache-tomcat-10.1.18/webapps/ROOT] has finished in [1,135] ms
15-Jul-2026 09:01:05.125 INFO [main] org.apache.catalina.startup.HostConfig.deployDirectory Deploying web application directory [/workspaces/java-web-development-lab/apache-tomcat-10.1.18/webapps/host-manager]
15-Jul-2026 09:01:05.178 INFO [main] org.apache.catalina.startup.HostConfig.deployDirectory Deployment of web application directory [/workspaces/java-web-development-lab/apache-tomcat-10.1.18/webapps/host-manager] has finished in [53] ms
15-Jul-2026 09:01:05.179 INFO [main] org.apache.catalina.startup.HostConfig.deployDirectory Deploying web application directory [/workspaces/java-web-development-lab/apache-tomcat-10.1.18/webapps/examples]
15-Jul-2026 09:01:05.523 INFO [main] org.apache.catalina.startup.HostConfig.deployDirectory Deployment of web application directory [/workspaces/java-web-development-lab/apache-tomcat-10.1.18/webapps/examples] has finished in [344] ms
15-Jul-2026 09:01:05.523 INFO [main] org.apache.catalina.startup.HostConfig.deployDirectory Deploying web application directory [/workspaces/java-web-development-lab/apache-tomcat-10.1.18/webapps/BookApp]
15-Jul-2026 09:01:05.704 INFO [main] org.apache.jasper.servlet.TldScanner.scanJars At least one JAR was scanned for TLDs yet contained no TLDs. Enable debug logging for this logger for a complete list of JARs that were scanned but no TLDs were found in them. Skipping unneeded JARs during scanning can improve startup time and JSP compilation time.
15-Jul-2026 09:01:05.712 INFO [main] org.apache.catalina.startup.HostConfig.deployDirectory Deployment of web application directory [/workspaces/java-web-development-lab/apache-tomcat-10.1.18/webapps/BookApp] has finished in [189] ms
15-Jul-2026 09:01:05.712 INFO [main] org.apache.catalina.startup.HostConfig.deployDirectory Deploying web application directory [/workspaces/java-web-development-lab/apache-tomcat-10.1.18/webapps/docs]
15-Jul-2026 09:01:05.730 INFO [main] org.apache.catalina.startup.HostConfig.deployDirectory Deployment of web application directory [/workspaces/java-web-development-lab/apache-tomcat-10.1.18/webapps/docs] has finished in [17] ms
15-Jul-2026 09:01:05.730 INFO [main] org.apache.catalina.startup.HostConfig.deployDirectory Deploying web application directory [/workspaces/java-web-development-lab/apache-tomcat-10.1.18/webapps/manager]
15-Jul-2026 09:01:05.781 INFO [main] org.apache.catalina.startup.HostConfig.deployDirectory Deployment of web application directory [/workspaces/java-web-development-lab/apache-tomcat-10.1.18/webapps/manager] has finished in [50] ms
15-Jul-2026 09:01:05.784 INFO [main] org.apache.coyote.AbstractProtocol.start Starting ProtocolHandler ["http-nio-8080"]
15-Jul-2026 09:01:05.802 INFO [main] org.apache.catalina.startup.Catalina.start Server startup in [1905] milliseconds
15-Jul-2026 09:14:57.019 INFO [main] org.apache.catalina.core.StandardServer.await A valid shutdown command was received via the shutdown port. Stopping the Server instance.
15-Jul-2026 09:14:57.020 INFO [main] org.apache.coyote.AbstractProtocol.pause Pausing ProtocolHandler ["http-nio-8080"]
15-Jul-2026 09:14:57.025 INFO [main] org.apache.catalina.core.StandardService.stopInternal Stopping service [Catalina]
15-Jul-2026 09:14:57.058 WARNING [main] org.apache.catalina.loader.WebappClassLoaderBase.clearReferencesJdbc The web application [BookApp] registered the JDBC driver [org.postgresql.Driver] but failed to unregister it when the web application was stopped. To prevent a memory leak, the JDBC Driver has been forcibly unregistered.
15-Jul-2026 09:14:57.080 INFO [main] org.apache.coyote.AbstractProtocol.stop Stopping ProtocolHandler ["http-nio-8080"]
15-Jul-2026 09:14:57.089 INFO [main] org.apache.coyote.AbstractProtocol.destroy Destroying ProtocolHandler ["http-nio-8080"]
15-Jul-2026 09:15:21.192 INFO [main] org.apache.catalina.startup.VersionLoggerListener.log Server version name:   Apache Tomcat/10.1.18
15-Jul-2026 09:15:21.196 INFO [main] org.apache.catalina.startup.VersionLoggerListener.log Server built:          Jan 5 2024 14:39:40 UTC
15-Jul-2026 09:15:21.196 INFO [main] org.apache.catalina.startup.VersionLoggerListener.log Server version number: 10.1.18.0
15-Jul-2026 09:15:21.196 INFO [main] org.apache.catalina.startup.VersionLoggerListener.log OS Name:               Linux
15-Jul-2026 09:15:21.197 INFO [main] org.apache.catalina.startup.VersionLoggerListener.log OS Version:            6.8.0-1052-azure
15-Jul-2026 09:15:21.197 INFO [main] org.apache.catalina.startup.VersionLoggerListener.log Architecture:          amd64
15-Jul-2026 09:15:21.197 INFO [main] org.apache.catalina.startup.VersionLoggerListener.log Java Home:             /usr/local/sdkman/candidates/java/25.0.2-ms
15-Jul-2026 09:15:21.197 INFO [main] org.apache.catalina.startup.VersionLoggerListener.log JVM Version:           25.0.2+10-LTS
15-Jul-2026 09:15:21.197 INFO [main] org.apache.catalina.startup.VersionLoggerListener.log JVM Vendor:            Microsoft
15-Jul-2026 09:15:21.197 INFO [main] org.apache.catalina.startup.VersionLoggerListener.log CATALINA_BASE:         /workspaces/java-web-development-lab/apache-tomcat-10.1.18
15-Jul-2026 09:15:21.197 INFO [main] org.apache.catalina.startup.VersionLoggerListener.log CATALINA_HOME:         /workspaces/java-web-development-lab/apache-tomcat-10.1.18
15-Jul-2026 09:15:21.209 INFO [main] org.apache.catalina.startup.VersionLoggerListener.log Command line argument: -Djava.util.logging.config.file=/workspaces/java-web-development-lab/apache-tomcat-10.1.18/conf/logging.properties
15-Jul-2026 09:15:21.211 INFO [main] org.apache.catalina.startup.VersionLoggerListener.log Command line argument: -Djava.util.logging.manager=org.apache.juli.ClassLoaderLogManager
15-Jul-2026 09:15:21.212 INFO [main] org.apache.catalina.startup.VersionLoggerListener.log Command line argument: -Djdk.tls.ephemeralDHKeySize=2048
15-Jul-2026 09:15:21.212 INFO [main] org.apache.catalina.startup.VersionLoggerListener.log Command line argument: -Djava.protocol.handler.pkgs=org.apache.catalina.webresources
15-Jul-2026 09:15:21.212 INFO [main] org.apache.catalina.startup.VersionLoggerListener.log Command line argument: -Dorg.apache.catalina.security.SecurityListener.UMASK=0027
15-Jul-2026 09:15:21.212 INFO [main] org.apache.catalina.startup.VersionLoggerListener.log Command line argument: --add-opens=java.base/java.lang=ALL-UNNAMED
15-Jul-2026 09:15:21.212 INFO [main] org.apache.catalina.startup.VersionLoggerListener.log Command line argument: --add-opens=java.base/java.io=ALL-UNNAMED
15-Jul-2026 09:15:21.212 INFO [main] org.apache.catalina.startup.VersionLoggerListener.log Command line argument: --add-opens=java.base/java.util=ALL-UNNAMED
15-Jul-2026 09:15:21.212 INFO [main] org.apache.catalina.startup.VersionLoggerListener.log Command line argument: --add-opens=java.base/java.util.concurrent=ALL-UNNAMED
15-Jul-2026 09:15:21.213 INFO [main] org.apache.catalina.startup.VersionLoggerListener.log Command line argument: --add-opens=java.rmi/sun.rmi.transport=ALL-UNNAMED
15-Jul-2026 09:15:21.213 INFO [main] org.apache.catalina.startup.VersionLoggerListener.log Command line argument: -Dcatalina.base=/workspaces/java-web-development-lab/apache-tomcat-10.1.18
15-Jul-2026 09:15:21.213 INFO [main] org.apache.catalina.startup.VersionLoggerListener.log Command line argument: -Dcatalina.home=/workspaces/java-web-development-lab/apache-tomcat-10.1.18
15-Jul-2026 09:15:21.213 INFO [main] org.apache.catalina.startup.VersionLoggerListener.log Command line argument: -Djava.io.tmpdir=/workspaces/java-web-development-lab/apache-tomcat-10.1.18/temp
15-Jul-2026 09:15:21.218 INFO [main] org.apache.catalina.core.AprLifecycleListener.lifecycleEvent The Apache Tomcat Native library which allows using OpenSSL was not found on the java.library.path: [/usr/java/packages/lib:/usr/lib64:/lib64:/lib:/usr/lib]
15-Jul-2026 09:15:21.699 INFO [main] org.apache.coyote.AbstractProtocol.init Initializing ProtocolHandler ["http-nio-8080"]
15-Jul-2026 09:15:21.743 INFO [main] org.apache.catalina.startup.Catalina.load Server initialization in [871] milliseconds
15-Jul-2026 09:15:21.798 INFO [main] org.apache.catalina.core.StandardService.startInternal Starting service [Catalina]
15-Jul-2026 09:15:21.798 INFO [main] org.apache.catalina.core.StandardEngine.startInternal Starting Servlet engine: [Apache Tomcat/10.1.18]
15-Jul-2026 09:15:21.813 INFO [main] org.apache.catalina.startup.HostConfig.deployDirectory Deploying web application directory [/workspaces/java-web-development-lab/apache-tomcat-10.1.18/webapps/ROOT]
15-Jul-2026 09:15:22.331 INFO [main] org.apache.catalina.startup.HostConfig.deployDirectory Deployment of web application directory [/workspaces/java-web-development-lab/apache-tomcat-10.1.18/webapps/ROOT] has finished in [509] ms
15-Jul-2026 09:15:22.333 INFO [main] org.apache.catalina.startup.HostConfig.deployDirectory Deploying web application directory [/workspaces/java-web-development-lab/apache-tomcat-10.1.18/webapps/host-manager]
15-Jul-2026 09:15:22.412 INFO [main] org.apache.catalina.startup.HostConfig.deployDirectory Deployment of web application directory [/workspaces/java-web-development-lab/apache-tomcat-10.1.18/webapps/host-manager] has finished in [79] ms
15-Jul-2026 09:15:22.413 INFO [main] org.apache.catalina.startup.HostConfig.deployDirectory Deploying web application directory [/workspaces/java-web-development-lab/apache-tomcat-10.1.18/webapps/examples]
15-Jul-2026 09:15:22.805 INFO [main] org.apache.catalina.startup.HostConfig.deployDirectory Deployment of web application directory [/workspaces/java-web-development-lab/apache-tomcat-10.1.18/webapps/examples] has finished in [393] ms
15-Jul-2026 09:15:22.805 INFO [main] org.apache.catalina.startup.HostConfig.deployDirectory Deploying web application directory [/workspaces/java-web-development-lab/apache-tomcat-10.1.18/webapps/BookApp]
15-Jul-2026 09:15:22.981 INFO [main] org.apache.jasper.servlet.TldScanner.scanJars At least one JAR was scanned for TLDs yet contained no TLDs. Enable debug logging for this logger for a complete list of JARs that were scanned but no TLDs were found in them. Skipping unneeded JARs during scanning can improve startup time and JSP compilation time.
15-Jul-2026 09:15:22.987 INFO [main] org.apache.catalina.startup.HostConfig.deployDirectory Deployment of web application directory [/workspaces/java-web-development-lab/apache-tomcat-10.1.18/webapps/BookApp] has finished in [182] ms
15-Jul-2026 09:15:22.987 INFO [main] org.apache.catalina.startup.HostConfig.deployDirectory Deploying web application directory [/workspaces/java-web-development-lab/apache-tomcat-10.1.18/webapps/docs]
15-Jul-2026 09:15:23.003 INFO [main] org.apache.catalina.startup.HostConfig.deployDirectory Deployment of web application directory [/workspaces/java-web-development-lab/apache-tomcat-10.1.18/webapps/docs] has finished in [16] ms
15-Jul-2026 09:15:23.004 INFO [main] org.apache.catalina.startup.HostConfig.deployDirectory Deploying web application directory [/workspaces/java-web-development-lab/apache-tomcat-10.1.18/webapps/manager]
15-Jul-2026 09:15:23.030 INFO [main] org.apache.catalina.startup.HostConfig.deployDirectory Deployment of web application directory [/workspaces/java-web-development-lab/apache-tomcat-10.1.18/webapps/manager] has finished in [26] ms
15-Jul-2026 09:15:23.036 INFO [main] org.apache.coyote.AbstractProtocol.start Starting ProtocolHandler ["http-nio-8080"]
15-Jul-2026 09:15:23.051 INFO [main] org.apache.catalina.startup.Catalina.start Server startup in [1305] milliseconds
15-Jul-2026 09:24:23.200 INFO [main] org.apache.catalina.core.StandardServer.await A valid shutdown command was received via the shutdown port. Stopping the Server instance.
15-Jul-2026 09:24:23.200 INFO [main] org.apache.coyote.AbstractProtocol.pause Pausing ProtocolHandler ["http-nio-8080"]
15-Jul-2026 09:24:23.206 INFO [main] org.apache.catalina.core.StandardService.stopInternal Stopping service [Catalina]
15-Jul-2026 09:24:23.215 WARNING [main] org.apache.catalina.loader.WebappClassLoaderBase.clearReferencesJdbc The web application [BookApp] registered the JDBC driver [org.postgresql.Driver] but failed to unregister it when the web application was stopped. To prevent a memory leak, the JDBC Driver has been forcibly unregistered.
15-Jul-2026 09:24:23.227 INFO [main] org.apache.coyote.AbstractProtocol.stop Stopping ProtocolHandler ["http-nio-8080"]
15-Jul-2026 09:24:23.239 INFO [main] org.apache.coyote.AbstractProtocol.destroy Destroying ProtocolHandler ["http-nio-8080"]
15-Jul-2026 09:24:46.370 INFO [main] org.apache.catalina.startup.VersionLoggerListener.log Server version name:   Apache Tomcat/10.1.18
15-Jul-2026 09:24:46.374 INFO [main] org.apache.catalina.startup.VersionLoggerListener.log Server built:          Jan 5 2024 14:39:40 UTC
15-Jul-2026 09:24:46.374 INFO [main] org.apache.catalina.startup.VersionLoggerListener.log Server version number: 10.1.18.0
15-Jul-2026 09:24:46.375 INFO [main] org.apache.catalina.startup.VersionLoggerListener.log OS Name:               Linux
15-Jul-2026 09:24:46.375 INFO [main] org.apache.catalina.startup.VersionLoggerListener.log OS Version:            6.8.0-1052-azure
15-Jul-2026 09:24:46.376 INFO [main] org.apache.catalina.startup.VersionLoggerListener.log Architecture:          amd64
15-Jul-2026 09:24:46.376 INFO [main] org.apache.catalina.startup.VersionLoggerListener.log Java Home:             /usr/local/sdkman/candidates/java/25.0.2-ms
15-Jul-2026 09:24:46.376 INFO [main] org.apache.catalina.startup.VersionLoggerListener.log JVM Version:           25.0.2+10-LTS
15-Jul-2026 09:24:46.377 INFO [main] org.apache.catalina.startup.VersionLoggerListener.log JVM Vendor:            Microsoft
15-Jul-2026 09:24:46.377 INFO [main] org.apache.catalina.startup.VersionLoggerListener.log CATALINA_BASE:         /workspaces/java-web-development-lab/apache-tomcat-10.1.18
15-Jul-2026 09:24:46.377 INFO [main] org.apache.catalina.startup.VersionLoggerListener.log CATALINA_HOME:         /workspaces/java-web-development-lab/apache-tomcat-10.1.18
15-Jul-2026 09:24:46.387 INFO [main] org.apache.catalina.startup.VersionLoggerListener.log Command line argument: -Djava.util.logging.config.file=/workspaces/java-web-development-lab/apache-tomcat-10.1.18/conf/logging.properties
15-Jul-2026 09:24:46.388 INFO [main] org.apache.catalina.startup.VersionLoggerListener.log Command line argument: -Djava.util.logging.manager=org.apache.juli.ClassLoaderLogManager
15-Jul-2026 09:24:46.388 INFO [main] org.apache.catalina.startup.VersionLoggerListener.log Command line argument: -Djdk.tls.ephemeralDHKeySize=2048
15-Jul-2026 09:24:46.393 INFO [main] org.apache.catalina.startup.VersionLoggerListener.log Command line argument: -Djava.protocol.handler.pkgs=org.apache.catalina.webresources
15-Jul-2026 09:24:46.393 INFO [main] org.apache.catalina.startup.VersionLoggerListener.log Command line argument: -Dorg.apache.catalina.security.SecurityListener.UMASK=0027
15-Jul-2026 09:24:46.393 INFO [main] org.apache.catalina.startup.VersionLoggerListener.log Command line argument: --add-opens=java.base/java.lang=ALL-UNNAMED
15-Jul-2026 09:24:46.394 INFO [main] org.apache.catalina.startup.VersionLoggerListener.log Command line argument: --add-opens=java.base/java.io=ALL-UNNAMED
15-Jul-2026 09:24:46.394 INFO [main] org.apache.catalina.startup.VersionLoggerListener.log Command line argument: --add-opens=java.base/java.util=ALL-UNNAMED
15-Jul-2026 09:24:46.395 INFO [main] org.apache.catalina.startup.VersionLoggerListener.log Command line argument: --add-opens=java.base/java.util.concurrent=ALL-UNNAMED
15-Jul-2026 09:24:46.395 INFO [main] org.apache.catalina.startup.VersionLoggerListener.log Command line argument: --add-opens=java.rmi/sun.rmi.transport=ALL-UNNAMED
15-Jul-2026 09:24:46.396 INFO [main] org.apache.catalina.startup.VersionLoggerListener.log Command line argument: -Dcatalina.base=/workspaces/java-web-development-lab/apache-tomcat-10.1.18
15-Jul-2026 09:24:46.396 INFO [main] org.apache.catalina.startup.VersionLoggerListener.log Command line argument: -Dcatalina.home=/workspaces/java-web-development-lab/apache-tomcat-10.1.18
15-Jul-2026 09:24:46.397 INFO [main] org.apache.catalina.startup.VersionLoggerListener.log Command line argument: -Djava.io.tmpdir=/workspaces/java-web-development-lab/apache-tomcat-10.1.18/temp
15-Jul-2026 09:24:46.401 INFO [main] org.apache.catalina.core.AprLifecycleListener.lifecycleEvent The Apache Tomcat Native library which allows using OpenSSL was not found on the java.library.path: [/usr/java/packages/lib:/usr/lib64:/lib64:/lib:/usr/lib]
15-Jul-2026 09:24:46.860 INFO [main] org.apache.coyote.AbstractProtocol.init Initializing ProtocolHandler ["http-nio-8080"]
15-Jul-2026 09:24:46.886 INFO [main] org.apache.catalina.startup.Catalina.load Server initialization in [766] milliseconds
15-Jul-2026 09:24:46.926 INFO [main] org.apache.catalina.core.StandardService.startInternal Starting service [Catalina]
15-Jul-2026 09:24:46.926 INFO [main] org.apache.catalina.core.StandardEngine.startInternal Starting Servlet engine: [Apache Tomcat/10.1.18]
15-Jul-2026 09:24:46.934 INFO [main] org.apache.catalina.startup.HostConfig.deployDirectory Deploying web application directory [/workspaces/java-web-development-lab/apache-tomcat-10.1.18/webapps/ROOT]
15-Jul-2026 09:24:47.234 INFO [main] org.apache.catalina.startup.HostConfig.deployDirectory Deployment of web application directory [/workspaces/java-web-development-lab/apache-tomcat-10.1.18/webapps/ROOT] has finished in [295] ms
15-Jul-2026 09:24:47.235 INFO [main] org.apache.catalina.startup.HostConfig.deployDirectory Deploying web application directory [/workspaces/java-web-development-lab/apache-tomcat-10.1.18/webapps/host-manager]
15-Jul-2026 09:24:47.323 INFO [main] org.apache.catalina.startup.HostConfig.deployDirectory Deployment of web application directory [/workspaces/java-web-development-lab/apache-tomcat-10.1.18/webapps/host-manager] has finished in [87] ms
15-Jul-2026 09:24:47.324 INFO [main] org.apache.catalina.startup.HostConfig.deployDirectory Deploying web application directory [/workspaces/java-web-development-lab/apache-tomcat-10.1.18/webapps/examples]
15-Jul-2026 09:24:47.666 INFO [main] org.apache.catalina.startup.HostConfig.deployDirectory Deployment of web application directory [/workspaces/java-web-development-lab/apache-tomcat-10.1.18/webapps/examples] has finished in [343] ms
15-Jul-2026 09:24:47.667 INFO [main] org.apache.catalina.startup.HostConfig.deployDirectory Deploying web application directory [/workspaces/java-web-development-lab/apache-tomcat-10.1.18/webapps/BookApp]
15-Jul-2026 09:24:47.892 INFO [main] org.apache.jasper.servlet.TldScanner.scanJars At least one JAR was scanned for TLDs yet contained no TLDs. Enable debug logging for this logger for a complete list of JARs that were scanned but no TLDs were found in them. Skipping unneeded JARs during scanning can improve startup time and JSP compilation time.
15-Jul-2026 09:24:47.898 INFO [main] org.apache.catalina.startup.HostConfig.deployDirectory Deployment of web application directory [/workspaces/java-web-development-lab/apache-tomcat-10.1.18/webapps/BookApp] has finished in [231] ms
15-Jul-2026 09:24:47.899 INFO [main] org.apache.catalina.startup.HostConfig.deployDirectory Deploying web application directory [/workspaces/java-web-development-lab/apache-tomcat-10.1.18/webapps/docs]
15-Jul-2026 09:24:47.925 INFO [main] org.apache.catalina.startup.HostConfig.deployDirectory Deployment of web application directory [/workspaces/java-web-development-lab/apache-tomcat-10.1.18/webapps/docs] has finished in [26] ms
15-Jul-2026 09:24:47.925 INFO [main] org.apache.catalina.startup.HostConfig.deployDirectory Deploying web application directory [/workspaces/java-web-development-lab/apache-tomcat-10.1.18/webapps/manager]
15-Jul-2026 09:24:47.944 INFO [main] org.apache.catalina.startup.HostConfig.deployDirectory Deployment of web application directory [/workspaces/java-web-development-lab/apache-tomcat-10.1.18/webapps/manager] has finished in [19] ms
15-Jul-2026 09:24:47.951 INFO [main] org.apache.coyote.AbstractProtocol.start Starting ProtocolHandler ["http-nio-8080"]
15-Jul-2026 09:24:47.973 INFO [main] org.apache.catalina.startup.Catalina.start Server startup in [1084] milliseconds
